# JRE version: OpenJDK Runtime Environment (21.0.6) (build 21.0.6+-13391695-b895.109)
# Java VM: OpenJDK 64-Bit Server VM (21.0.6+-13391695-b895.109, mixed mode, tiered, compressed oops, compressed class ptrs, parallel gc, windows-amd64)
GC Precious Log:
 CardTable entry size: 512
 CPUs: 12 total, 12 available
 Memory: 7532M
 Large Page Support: Disabled
 NUMA Support: Disabled
 Compressed Oops: Enabled (Zero based)
 Alignments: Space 512K, Generation 512K, Heap 2M
 Heap Min Capacity: 8M
 Heap Initial Capacity: 118M
 Heap Max Capacity: 6G
 Pre-touch: Disabled
 Parallel Workers: 10
Heap:
 PSYoungGen      total 2025472K, used 1722760K [0x0000000780000000, 0x0000000800000000, 0x0000000800000000)
  eden space 1963520K, 84% used [0x0000000780000000,0x00000007e55e7ec0,0x00000007f7d80000)
  from space 61952K, 99% used [0x00000007f7d80000,0x00000007fb9fa1d8,0x00000007fba00000)
  to   space 71680K, 99% used [0x00000007fba00000,0x00000007ffffb540,0x0000000800000000)
 ParOldGen       total 1168896K, used 1168895K [0x0000000680000000, 0x00000006c7580000, 0x0000000780000000)
  object space 1168896K, 99% used [0x0000000680000000,0x00000006c757fc00,0x00000006c7580000)
 Metaspace       used 273917K, committed 277120K, reserved 1114112K
  class space    used 33799K, committed 35392K, reserved 851968K
GC Heap History (20 events):
Event: 546.398 GC heap after
{Heap after GC invocations=294 (full 10):
 PSYoungGen      total 1995776K, used 4768K [0x0000000780000000, 0x00000007ff380000, 0x0000000800000000)
  eden space 1906688K, 0% used [0x0000000780000000,0x0000000780000000,0x00000007f4600000)
  from space 89088K, 5% used [0x00000007f9980000,0x00000007f9e28000,0x00000007ff080000)
  to   space 85504K, 0% used [0x00000007f4600000,0x00000007f4600000,0x00000007f9980000)
 ParOldGen       total 861696K, used 860493K [0x0000000680000000, 0x00000006b4980000, 0x0000000780000000)
  object space 861696K, 99% used [0x0000000680000000,0x00000006b4853550,0x00000006b4980000)
 Metaspace       used 272153K, committed 275328K, reserved 1114112K
  class space    used 33572K, committed 35136K, reserved 851968K
}
Event: 547.315 GC heap before
{Heap before GC invocations=295 (full 10):
 PSYoungGen      total 1995776K, used 1911456K [0x0000000780000000, 0x00000007ff380000, 0x0000000800000000)
  eden space 1906688K, 100% used [0x0000000780000000,0x00000007f4600000,0x00000007f4600000)
  from space 89088K, 5% used [0x00000007f9980000,0x00000007f9e28000,0x00000007ff080000)
  to   space 85504K, 0% used [0x00000007f4600000,0x00000007f4600000,0x00000007f9980000)
 ParOldGen       total 861696K, used 860493K [0x0000000680000000, 0x00000006b4980000, 0x0000000780000000)
  object space 861696K, 99% used [0x0000000680000000,0x00000006b4853550,0x00000006b4980000)
 Metaspace       used 272172K, committed 275328K, reserved 1114112K
  class space    used 33572K, committed 35136K, reserved 851968K
}
Event: 547.330 GC heap after
{Heap after GC invocations=295 (full 10):
 PSYoungGen      total 1992192K, used 23247K [0x0000000780000000, 0x00000007ff180000, 0x0000000800000000)
  eden space 1906688K, 0% used [0x0000000780000000,0x0000000780000000,0x00000007f4600000)
  from space 85504K, 27% used [0x00000007f4600000,0x00000007f5cb3f08,0x00000007f9980000)
  to   space 79872K, 0% used [0x00000007fa380000,0x00000007fa380000,0x00000007ff180000)
 ParOldGen       total 865280K, used 864770K [0x0000000680000000, 0x00000006b4d00000, 0x0000000780000000)
  object space 865280K, 99% used [0x0000000680000000,0x00000006b4c80870,0x00000006b4d00000)
 Metaspace       used 272172K, committed 275328K, reserved 1114112K
  class space    used 33572K, committed 35136K, reserved 851968K
}
Event: 548.244 GC heap before
{Heap before GC invocations=296 (full 10):
 PSYoungGen      total 1992192K, used 1929935K [0x0000000780000000, 0x00000007ff180000, 0x0000000800000000)
  eden space 1906688K, 100% used [0x0000000780000000,0x00000007f4600000,0x00000007f4600000)
  from space 85504K, 27% used [0x00000007f4600000,0x00000007f5cb3f08,0x00000007f9980000)
  to   space 79872K, 0% used [0x00000007fa380000,0x00000007fa380000,0x00000007ff180000)
 ParOldGen       total 865280K, used 864770K [0x0000000680000000, 0x00000006b4d00000, 0x0000000780000000)
  object space 865280K, 99% used [0x0000000680000000,0x00000006b4c80870,0x00000006b4d00000)
 Metaspace       used 272178K, committed 275328K, reserved 1114112K
  class space    used 33572K, committed 35136K, reserved 851968K
}
Event: 548.251 GC heap after
{Heap after GC invocations=296 (full 10):
 PSYoungGen      total 2005504K, used 4704K [0x0000000780000000, 0x00000007ff480000, 0x0000000800000000)
  eden space 1925632K, 0% used [0x0000000780000000,0x0000000780000000,0x00000007f5880000)
  from space 79872K, 5% used [0x00000007fa380000,0x00000007fa818000,0x00000007ff180000)
  to   space 76800K, 0% used [0x00000007f5880000,0x00000007f5880000,0x00000007fa380000)
 ParOldGen       total 869376K, used 868971K [0x0000000680000000, 0x00000006b5100000, 0x0000000780000000)
  object space 869376K, 99% used [0x0000000680000000,0x00000006b509afc0,0x00000006b5100000)
 Metaspace       used 272178K, committed 275328K, reserved 1114112K
  class space    used 33572K, committed 35136K, reserved 851968K
}
Event: 549.372 GC heap before
{Heap before GC invocations=297 (full 10):
 PSYoungGen      total 2005504K, used 1930336K [0x0000000780000000, 0x00000007ff480000, 0x0000000800000000)
  eden space 1925632K, 100% used [0x0000000780000000,0x00000007f5880000,0x00000007f5880000)
  from space 79872K, 5% used [0x00000007fa380000,0x00000007fa818000,0x00000007ff180000)
  to   space 76800K, 0% used [0x00000007f5880000,0x00000007f5880000,0x00000007fa380000)
 ParOldGen       total 869376K, used 868971K [0x0000000680000000, 0x00000006b5100000, 0x0000000780000000)
  object space 869376K, 99% used [0x0000000680000000,0x00000006b509afc0,0x00000006b5100000)
 Metaspace       used 272187K, committed 275328K, reserved 1114112K
  class space    used 33572K, committed 35136K, reserved 851968K
}
Event: 549.379 GC heap after
{Heap after GC invocations=297 (full 10):
 PSYoungGen      total 2002432K, used 5696K [0x0000000780000000, 0x00000007ff700000, 0x0000000800000000)
  eden space 1925632K, 0% used [0x0000000780000000,0x0000000780000000,0x00000007f5880000)
  from space 76800K, 7% used [0x00000007f5880000,0x00000007f5e10000,0x00000007fa380000)
  to   space 73728K, 0% used [0x00000007faf00000,0x00000007faf00000,0x00000007ff700000)
 ParOldGen       total 873472K, used 873209K [0x0000000680000000, 0x00000006b5500000, 0x0000000780000000)
  object space 873472K, 99% used [0x0000000680000000,0x00000006b54be508,0x00000006b5500000)
 Metaspace       used 272187K, committed 275328K, reserved 1114112K
  class space    used 33572K, committed 35136K, reserved 851968K
}
Event: 550.263 GC heap before
{Heap before GC invocations=298 (full 10):
 PSYoungGen      total 2002432K, used 1931328K [0x0000000780000000, 0x00000007ff700000, 0x0000000800000000)
  eden space 1925632K, 100% used [0x0000000780000000,0x00000007f5880000,0x00000007f5880000)
  from space 76800K, 7% used [0x00000007f5880000,0x00000007f5e10000,0x00000007fa380000)
  to   space 73728K, 0% used [0x00000007faf00000,0x00000007faf00000,0x00000007ff700000)
 ParOldGen       total 873472K, used 873209K [0x0000000680000000, 0x00000006b5500000, 0x0000000780000000)
  object space 873472K, 99% used [0x0000000680000000,0x00000006b54be508,0x00000006b5500000)
 Metaspace       used 272191K, committed 275328K, reserved 1114112K
  class space    used 33572K, committed 35136K, reserved 851968K
}
Event: 550.289 GC heap after
{Heap after GC invocations=298 (full 10):
 PSYoungGen      total 2012672K, used 37488K [0x0000000780000000, 0x0000000800000000, 0x0000000800000000)
  eden space 1938944K, 0% used [0x0000000780000000,0x0000000780000000,0x00000007f6580000)
  from space 73728K, 50% used [0x00000007faf00000,0x00000007fd39c1a8,0x00000007ff700000)
  to   space 75264K, 0% used [0x00000007f6580000,0x00000007f6580000,0x00000007faf00000)
 ParOldGen       total 879104K, used 878641K [0x0000000680000000, 0x00000006b5a80000, 0x0000000780000000)
  object space 879104K, 99% used [0x0000000680000000,0x00000006b5a0c508,0x00000006b5a80000)
 Metaspace       used 272191K, committed 275328K, reserved 1114112K
  class space    used 33572K, committed 35136K, reserved 851968K
}
Event: 551.159 GC heap before
{Heap before GC invocations=299 (full 10):
 PSYoungGen      total 2012672K, used 1976432K [0x0000000780000000, 0x0000000800000000, 0x0000000800000000)
  eden space 1938944K, 100% used [0x0000000780000000,0x00000007f6580000,0x00000007f6580000)
  from space 73728K, 50% used [0x00000007faf00000,0x00000007fd39c1a8,0x00000007ff700000)
  to   space 75264K, 0% used [0x00000007f6580000,0x00000007f6580000,0x00000007faf00000)
 ParOldGen       total 879104K, used 878641K [0x0000000680000000, 0x00000006b5a80000, 0x0000000780000000)
  object space 879104K, 99% used [0x0000000680000000,0x00000006b5a0c508,0x00000006b5a80000)
 Metaspace       used 272201K, committed 275392K, reserved 1114112K
  class space    used 33574K, committed 35200K, reserved 851968K
}
Event: 551.176 GC heap after
{Heap after GC invocations=299 (full 10):
 PSYoungGen      total 2014208K, used 8064K [0x0000000780000000, 0x00000007ffa80000, 0x0000000800000000)
  eden space 1938944K, 0% used [0x0000000780000000,0x0000000780000000,0x00000007f6580000)
  from space 75264K, 10% used [0x00000007f6580000,0x00000007f6d60030,0x00000007faf00000)
  to   space 71680K, 0% used [0x00000007fb480000,0x00000007fb480000,0x00000007ffa80000)
 ParOldGen       total 902656K, used 902525K [0x0000000680000000, 0x00000006b7180000, 0x0000000780000000)
  object space 902656K, 99% used [0x0000000680000000,0x00000006b715f5e0,0x00000006b7180000)
 Metaspace       used 272201K, committed 275392K, reserved 1114112K
  class space    used 33574K, committed 35200K, reserved 851968K
}
Event: 552.335 GC heap before
{Heap before GC invocations=300 (full 10):
 PSYoungGen      total 2014208K, used 1947008K [0x0000000780000000, 0x00000007ffa80000, 0x0000000800000000)
  eden space 1938944K, 100% used [0x0000000780000000,0x00000007f6580000,0x00000007f6580000)
  from space 75264K, 10% used [0x00000007f6580000,0x00000007f6d60030,0x00000007faf00000)
  to   space 71680K, 0% used [0x00000007fb480000,0x00000007fb480000,0x00000007ffa80000)
 ParOldGen       total 902656K, used 902525K [0x0000000680000000, 0x00000006b7180000, 0x0000000780000000)
  object space 902656K, 99% used [0x0000000680000000,0x00000006b715f5e0,0x00000006b7180000)
 Metaspace       used 272217K, committed 275456K, reserved 1114112K
  class space    used 33575K, committed 35200K, reserved 851968K
}
Event: 552.344 GC heap after
{Heap after GC invocations=300 (full 10):
 PSYoungGen      total 2017792K, used 8373K [0x0000000780000000, 0x00000007ff680000, 0x0000000800000000)
  eden space 1950208K, 0% used [0x0000000780000000,0x0000000780000000,0x00000007f7080000)
  from space 67584K, 12% used [0x00000007fb480000,0x00000007fbcad6b0,0x00000007ff680000)
  to   space 68608K, 0% used [0x00000007f7080000,0x00000007f7080000,0x00000007fb380000)
 ParOldGen       total 906752K, used 906614K [0x0000000680000000, 0x00000006b7580000, 0x0000000780000000)
  object space 906752K, 99% used [0x0000000680000000,0x00000006b755db50,0x00000006b7580000)
 Metaspace       used 272217K, committed 275456K, reserved 1114112K
  class space    used 33575K, committed 35200K, reserved 851968K
}
Event: 553.868 GC heap before
{Heap before GC invocations=301 (full 10):
 PSYoungGen      total 2017792K, used 1958581K [0x0000000780000000, 0x00000007ff680000, 0x0000000800000000)
  eden space 1950208K, 100% used [0x0000000780000000,0x00000007f7080000,0x00000007f7080000)
  from space 67584K, 12% used [0x00000007fb480000,0x00000007fbcad6b0,0x00000007ff680000)
  to   space 68608K, 0% used [0x00000007f7080000,0x00000007f7080000,0x00000007fb380000)
 ParOldGen       total 906752K, used 906614K [0x0000000680000000, 0x00000006b7580000, 0x0000000780000000)
  object space 906752K, 99% used [0x0000000680000000,0x00000006b755db50,0x00000006b7580000)
 Metaspace       used 272217K, committed 275456K, reserved 1114112K
  class space    used 33575K, committed 35200K, reserved 851968K
}
Event: 553.878 GC heap after
{Heap after GC invocations=301 (full 10):
 PSYoungGen      total 2018816K, used 7958K [0x0000000780000000, 0x00000007ffa00000, 0x0000000800000000)
  eden space 1950208K, 0% used [0x0000000780000000,0x0000000780000000,0x00000007f7080000)
  from space 68608K, 11% used [0x00000007f7080000,0x00000007f7845ba8,0x00000007fb380000)
  to   space 65024K, 0% used [0x00000007fba80000,0x00000007fba80000,0x00000007ffa00000)
 ParOldGen       total 914944K, used 914588K [0x0000000680000000, 0x00000006b7d80000, 0x0000000780000000)
  object space 914944K, 99% used [0x0000000680000000,0x00000006b7d27338,0x00000006b7d80000)
 Metaspace       used 272217K, committed 275456K, reserved 1114112K
  class space    used 33575K, committed 35200K, reserved 851968K
}
Event: 555.380 GC heap before
{Heap before GC invocations=302 (full 10):
 PSYoungGen      total 2018816K, used 1958166K [0x0000000780000000, 0x00000007ffa00000, 0x0000000800000000)
  eden space 1950208K, 100% used [0x0000000780000000,0x00000007f7080000,0x00000007f7080000)
  from space 68608K, 11% used [0x00000007f7080000,0x00000007f7845ba8,0x00000007fb380000)
  to   space 65024K, 0% used [0x00000007fba80000,0x00000007fba80000,0x00000007ffa00000)
 ParOldGen       total 914944K, used 914588K [0x0000000680000000, 0x00000006b7d80000, 0x0000000780000000)
  object space 914944K, 99% used [0x0000000680000000,0x00000006b7d27338,0x00000006b7d80000)
 Metaspace       used 272217K, committed 275456K, reserved 1114112K
  class space    used 33575K, committed 35200K, reserved 851968K
}
Event: 555.388 GC heap after
{Heap after GC invocations=302 (full 10):
 PSYoungGen      total 2024960K, used 7712K [0x0000000780000000, 0x00000007ff680000, 0x0000000800000000)
  eden space 1963520K, 0% used [0x0000000780000000,0x0000000780000000,0x00000007f7d80000)
  from space 61440K, 12% used [0x00000007fba80000,0x00000007fc208000,0x00000007ff680000)
  to   space 61952K, 0% used [0x00000007f7d80000,0x00000007f7d80000,0x00000007fba00000)
 ParOldGen       total 922624K, used 922201K [0x0000000680000000, 0x00000006b8500000, 0x0000000780000000)
  object space 922624K, 99% used [0x0000000680000000,0x00000006b8496738,0x00000006b8500000)
 Metaspace       used 272217K, committed 275456K, reserved 1114112K
  class space    used 33575K, committed 35200K, reserved 851968K
}
Event: 559.689 GC heap before
{Heap before GC invocations=303 (full 10):
 PSYoungGen      total 2024960K, used 1971232K [0x0000000780000000, 0x00000007ff680000, 0x0000000800000000)
  eden space 1963520K, 100% used [0x0000000780000000,0x00000007f7d80000,0x00000007f7d80000)
  from space 61440K, 12% used [0x00000007fba80000,0x00000007fc208000,0x00000007ff680000)
  to   space 61952K, 0% used [0x00000007f7d80000,0x00000007f7d80000,0x00000007fba00000)
 ParOldGen       total 922624K, used 922201K [0x0000000680000000, 0x00000006b8500000, 0x0000000780000000)
  object space 922624K, 99% used [0x0000000680000000,0x00000006b8496738,0x00000006b8500000)
 Metaspace       used 273792K, committed 276992K, reserved 1114112K
  class space    used 33794K, committed 35392K, reserved 851968K
}
Event: 559.850 GC heap after
{Heap after GC invocations=303 (full 10):
 PSYoungGen      total 2025472K, used 61928K [0x0000000780000000, 0x0000000800000000, 0x0000000800000000)
  eden space 1963520K, 0% used [0x0000000780000000,0x0000000780000000,0x00000007f7d80000)
  from space 61952K, 99% used [0x00000007f7d80000,0x00000007fb9fa1d8,0x00000007fba00000)
  to   space 71680K, 0% used [0x00000007fba00000,0x00000007fba00000,0x0000000800000000)
 ParOldGen       total 1159168K, used 1158999K [0x0000000680000000, 0x00000006c6c00000, 0x0000000780000000)
  object space 1159168K, 99% used [0x0000000680000000,0x00000006c6bd5e98,0x00000006c6c00000)
 Metaspace       used 273792K, committed 276992K, reserved 1114112K
  class space    used 33794K, committed 35392K, reserved 851968K
}
Event: 562.264 GC heap before
{Heap before GC invocations=304 (full 10):
 PSYoungGen      total 2025472K, used 1722760K [0x0000000780000000, 0x0000000800000000, 0x0000000800000000)
  eden space 1963520K, 84% used [0x0000000780000000,0x00000007e55e7ec0,0x00000007f7d80000)
  from space 61952K, 99% used [0x00000007f7d80000,0x00000007fb9fa1d8,0x00000007fba00000)
  to   space 71680K, 0% used [0x00000007fba00000,0x00000007fba00000,0x0000000800000000)
 ParOldGen       total 1159168K, used 1158999K [0x0000000680000000, 0x00000006c6c00000, 0x0000000780000000)
  object space 1159168K, 99% used [0x0000000680000000,0x00000006c6bd5e98,0x00000006c6c00000)
 Metaspace       used 273917K, committed 277120K, reserved 1114112K
  class space    used 33799K, committed 35392K, reserved 851968K
}

